<?xml version="1.0" encoding="UTF-8"?>
<testng-results ignored="0" total="1" passed="1" failed="0" skipped="0">
  <reporter-output>
  </reporter-output>
  <suite started-at="2023-12-17T19:17:39Z" name="Default suite" finished-at="2023-12-17T19:17:40Z" duration-ms="79">
    <groups>
    </groups>
    <test started-at="2023-12-17T19:17:39Z" name="Default test" finished-at="2023-12-17T19:17:40Z" duration-ms="79">
      <class name="finalExam.Practical2">
        <test-method signature="conFigRead()[pri:0, instance:finalExam.Practical2@45a4b042]" started-at="2023-12-17T19:17:40Z" name="conFigRead" finished-at="2023-12-17T19:17:40Z" duration-ms="20" status="PASS">
          <reporter-output>
          </reporter-output>
        </test-method> <!-- conFigRead -->
      </class> <!-- finalExam.Practical2 -->
    </test> <!-- Default test -->
  </suite> <!-- Default suite -->
</testng-results>
